<?xml version="1.0" encoding="UTF-8"?>
<!-- Generated by org.testng.reporters.JUnitReportReporter -->
<testsuite skipped="0" hostname="DESKTOP-M631KOO" name="com.qaalpha.tests.QA_005_Create_Client_With_Data_Test" tests="1" failures="0" timestamp="25 okt 2021 17:12:06 GMT" time="24.558" errors="0">
  <testcase name="qa_005_create_client_with_data_test" time="24.558" classname="com.qaalpha.tests.QA_005_Create_Client_With_Data_Test"/>
</testsuite> <!-- com.qaalpha.tests.QA_005_Create_Client_With_Data_Test -->
