<?xml version="1.0" encoding="UTF-8"?>
<!-- Generated by org.testng.reporters.JUnitReportReporter -->
<testsuite skipped="0" hostname="DESKTOP-M631KOO" name="com.qaalpha.tests.QA_01_LogIn_LogOut_Test" tests="1" failures="0" timestamp="08 avg 2020 09:29:12 GMT" time="18.308" errors="0">
  <testcase name="qa_01_logIn_logOut_test" time="18.308" classname="com.qaalpha.tests.QA_01_LogIn_LogOut_Test"/>
</testsuite> <!-- com.qaalpha.tests.QA_01_LogIn_LogOut_Test -->
