<?xml version="1.0" encoding="UTF-8"?>
<!-- Generated by org.testng.reporters.JUnitReportReporter -->
<testsuite skipped="0" hostname="DESKTOP-M631KOO" name="com.qaalpha.tests.QA_03_Create_Client_Test" tests="1" failures="0" timestamp="01 avg 2020 07:45:49 GMT" time="30.988" errors="0">
  <testcase name="qa_03_create_client_test" time="30.988" classname="com.qaalpha.tests.QA_03_Create_Client_Test"/>
</testsuite> <!-- com.qaalpha.tests.QA_03_Create_Client_Test -->
