<?xml version="1.0" encoding="UTF-8"?>
<!-- Generated by org.testng.reporters.JUnitReportReporter -->
<testsuite skipped="0" hostname="DESKTOP-M631KOO" name="com.qaalpha.tests.QA_10_Add_Termin_And_Feedback_Test" tests="1" failures="0" timestamp="06 maj 2021 17:38:55 GMT" time="65.129" errors="0">
  <testcase name="qa_0010_add_termin_and_feedback_test" time="65.129" classname="com.qaalpha.tests.QA_10_Add_Termin_And_Feedback_Test"/>
</testsuite> <!-- com.qaalpha.tests.QA_10_Add_Termin_And_Feedback_Test -->
