<?xml version="1.0" encoding="UTF-8"?>
<!-- Generated by org.testng.reporters.JUnitReportReporter -->
<testsuite hostname="Milana-PC" failures="0" tests="2" name="com.qaalpha.tests.api.QA_002_Get_Single_Crocodile_Tests" time="3.523" errors="0" timestamp="07 Dec 2023 17:49:41 GMT" skipped="0">
  <testcase classname="com.qaalpha.tests.api.QA_002_Get_Single_Crocodile_Tests" name="get_single_crocodile_test2" time="0.617"/>
  <testcase classname="com.qaalpha.tests.api.QA_002_Get_Single_Crocodile_Tests" name="get_single_crocodile_test1" time="2.906"/>
</testsuite> <!-- com.qaalpha.tests.api.QA_002_Get_Single_Crocodile_Tests -->
