<?xml version="1.0" encoding="UTF-8"?>
<!-- Generated by org.testng.reporters.JUnitReportReporter -->
<testsuite skipped="0" hostname="DESKTOP-M631KOO" name="com.qaalpha.tests.QA_08_Create_Client_Validations_Test" tests="1" failures="0" timestamp="22 apr 2021 14:12:28 GMT" time="26.983" errors="0">
  <testcase name="qa_08_create_client_validations_test" time="26.983" classname="com.qaalpha.tests.QA_08_Create_Client_Validations_Test"/>
</testsuite> <!-- com.qaalpha.tests.QA_08_Create_Client_Validations_Test -->
