<?xml version="1.0" encoding="UTF-8"?>
<!-- Generated by org.testng.reporters.JUnitReportReporter -->
<testsuite skipped="0" hostname="DESKTOP-M631KOO" name="com.qaalpha.tests.QA_11_Add_Termin_And_Feedback_Test" tests="1" failures="0" timestamp="30 nov 2020 16:53:33 GMT" time="60.332" errors="0">
  <testcase name="qa_11_add_termin_and_feedback_test" time="60.332" classname="com.qaalpha.tests.QA_11_Add_Termin_And_Feedback_Test"/>
</testsuite> <!-- com.qaalpha.tests.QA_11_Add_Termin_And_Feedback_Test -->
