<?xml version="1.0" encoding="UTF-8"?>
<!-- Generated by org.testng.reporters.JUnitReportReporter -->
<testsuite skipped="0" hostname="DESKTOP-M631KOO" name="com.qaalpha.tests.QA_0000_Initial_Test" tests="1" failures="0" timestamp="16 jul 2020 14:54:36 GMT" time="27.797" errors="0">
  <testcase name="qa_0000_initial_test" time="27.797" classname="com.qaalpha.tests.QA_0000_Initial_Test"/>
</testsuite> <!-- com.qaalpha.tests.QA_0000_Initial_Test -->
