<?xml version="1.0" encoding="UTF-8"?>
<!-- Generated by org.testng.reporters.JUnitReportReporter -->
<testsuite skipped="0" hostname="DESKTOP-M631KOO" name="com.qaalpha.tests.QA_003_Change_Language_Test" tests="1" failures="0" timestamp="05 nov 2021 11:36:28 GMT" time="30.697" errors="0">
  <testcase name="qa_003_change_language_test" time="30.697" classname="com.qaalpha.tests.QA_003_Change_Language_Test"/>
</testsuite> <!-- com.qaalpha.tests.QA_003_Change_Language_Test -->
