<?xml version="1.0" encoding="UTF-8"?>
<!-- Generated by org.testng.reporters.JUnitReportReporter -->
<testsuite skipped="0" hostname="DESKTOP-M631KOO" name="com.qaalpha.tests.QA_08_Create_Ticket_Test" tests="1" failures="0" timestamp="01 avg 2020 07:45:49 GMT" time="22.639" errors="0">
  <testcase name="qa_08_create_ticket_test" time="22.639" classname="com.qaalpha.tests.QA_08_Create_Ticket_Test"/>
</testsuite> <!-- com.qaalpha.tests.QA_08_Create_Ticket_Test -->
