<?xml version="1.0" encoding="UTF-8"?>
<!-- Generated by org.testng.reporters.JUnitReportReporter -->
<testsuite skipped="0" hostname="DESKTOP-M631KOO" name="com.qaalpha.tests.QA_07_Change_Language_Test" tests="1" failures="0" timestamp="01 avg 2020 07:45:49 GMT" time="18.399" errors="0">
  <testcase name="qa_07_change_language_test" time="18.399" classname="com.qaalpha.tests.QA_07_Change_Language_Test"/>
</testsuite> <!-- com.qaalpha.tests.QA_07_Change_Language_Test -->
