<?xml version="1.0" encoding="UTF-8"?>
<!-- Generated by org.testng.reporters.JUnitReportReporter -->
<testsuite skipped="0" hostname="DESKTOP-M631KOO" name="com.qaalpha.tests.QA_011_Final_Test" tests="1" failures="0" timestamp="05 nov 2021 16:19:54 GMT" time="109.425" errors="0">
  <testcase name="qa_011_final_test" time="109.425" classname="com.qaalpha.tests.QA_011_Final_Test"/>
</testsuite> <!-- com.qaalpha.tests.QA_011_Final_Test -->
