<?xml version="1.0" encoding="UTF-8"?>
<!-- Generated by org.testng.reporters.JUnitReportReporter -->
<testsuite skipped="0" hostname="DESKTOP-M631KOO" name="com.qaalpha.tests.QA_03_Change_Language_Test" tests="1" failures="0" timestamp="14 apr 2021 14:21:13 GMT" time="23.036" errors="0">
  <testcase name="qa_03_change_language_test" time="23.036" classname="com.qaalpha.tests.QA_03_Change_Language_Test"/>
</testsuite> <!-- com.qaalpha.tests.QA_03_Change_Language_Test -->
