<?xml version="1.0" encoding="UTF-8"?>
<!-- Generated by org.testng.reporters.JUnitReportReporter -->
<testsuite hostname="Milana-PC" failures="0" tests="1" name="com.qaalpha.tests.QA_010_Final_Test" time="70.951" errors="0" timestamp="26 Dec 2023 21:19:04 GMT" skipped="0">
  <testcase classname="com.qaalpha.tests.QA_010_Final_Test" name="qa_010_final_test1" time="70.951"/>
</testsuite> <!-- com.qaalpha.tests.QA_010_Final_Test -->
