<?xml version="1.0" encoding="UTF-8"?>
<!-- Generated by org.testng.reporters.JUnitReportReporter -->
<testsuite hostname="Milana-PC" failures="0" tests="1" name="com.qaalpha.tests.QA_008_CreateTag_Test" time="59.285" errors="0" timestamp="11 Dec 2023 18:16:41 GMT" skipped="0">
  <testcase classname="com.qaalpha.tests.QA_008_CreateTag_Test" name="qa_008_create_tag_test" time="59.285"/>
</testsuite> <!-- com.qaalpha.tests.QA_008_CreateTag_Test -->
