<?xml version="1.0" encoding="UTF-8"?>
<!-- Generated by org.testng.reporters.JUnitReportReporter -->
<testsuite skipped="0" hostname="DESKTOP-M631KOO" name="com.qaalpha.tests.HTEC" tests="1" failures="0" timestamp="20 sep 2022 08:32:43 GMT" time="4.601" errors="0">
  <testcase name="postMethod" time="4.601" classname="com.qaalpha.tests.HTEC"/>
</testsuite> <!-- com.qaalpha.tests.HTEC -->
