<?xml version="1.0" encoding="UTF-8"?>
<!-- Generated by org.testng.reporters.JUnitReportReporter -->
<testsuite skipped="0" hostname="DESKTOP-M631KOO" name="com.qaalpha.tests.QA_07_Edit_Client_Test" tests="1" failures="0" timestamp="14 apr 2021 14:37:15 GMT" time="35.145" errors="0">
  <testcase name="qa_07_edit_client_test" time="35.145" classname="com.qaalpha.tests.QA_07_Edit_Client_Test"/>
</testsuite> <!-- com.qaalpha.tests.QA_07_Edit_Client_Test -->
