<?xml version="1.0" encoding="UTF-8"?>
<!-- Generated by org.testng.reporters.JUnitReportReporter -->
<testsuite skipped="0" hostname="DESKTOP-M631KOO" name="com.qaalpha.tests.QA_09_Create_Broker_Company_And_LogIn_As_Broker_Test" tests="1" failures="0" timestamp="30 jul 2020 18:08:08 GMT" time="33.724" errors="0">
  <testcase name="qa_09_create_brokerCompany_and_logIn_as_broker_test" time="33.724" classname="com.qaalpha.tests.QA_09_Create_Broker_Company_And_LogIn_As_Broker_Test"/>
</testsuite> <!-- com.qaalpha.tests.QA_09_Create_Broker_Company_And_LogIn_As_Broker_Test -->
