<?xml version="1.0" encoding="UTF-8"?>
<!-- Generated by org.testng.reporters.JUnitReportReporter -->
<testsuite skipped="0" hostname="DESKTOP-M631KOO" name="com.qaalpha.tests.QA_02_Navigate_To_Tickets_Test" tests="1" failures="0" timestamp="08 avg 2020 09:29:12 GMT" time="16.694" errors="0">
  <testcase name="qa_02_navigate_to_tickets_test" time="16.694" classname="com.qaalpha.tests.QA_02_Navigate_To_Tickets_Test"/>
</testsuite> <!-- com.qaalpha.tests.QA_02_Navigate_To_Tickets_Test -->
