<?xml version="1.0" encoding="UTF-8"?>
<!-- Generated by org.testng.reporters.JUnitReportReporter -->
<testsuite skipped="0" hostname="DESKTOP-M631KOO" name="com.qaalpha.tests.QA_02_LogIn_LogOut_Test" tests="1" failures="0" timestamp="12 apr 2021 16:51:07 GMT" time="15.172" errors="0">
  <testcase name="qa_02_logIn_logOut_test" time="15.172" classname="com.qaalpha.tests.QA_02_LogIn_LogOut_Test"/>
</testsuite> <!-- com.qaalpha.tests.QA_02_LogIn_LogOut_Test -->
