<?xml version="1.0" encoding="UTF-8"?>
<!-- Generated by org.testng.reporters.JUnitReportReporter -->
<testsuite hostname="Milana-PC" failures="0" tests="2" name="com.qaalpha.tests.api.QA_001_Get_Crocodiles_Tests" time="3.227" errors="0" timestamp="04 Dec 2023 18:24:55 GMT" skipped="0">
  <testcase classname="com.qaalpha.tests.api.QA_001_Get_Crocodiles_Tests" name="get_crocodiles_test" time="2.415"/>
  <testcase classname="com.qaalpha.tests.api.QA_001_Get_Crocodiles_Tests" name="get_single_crocodile_test" time="0.812"/>
</testsuite> <!-- com.qaalpha.tests.api.QA_001_Get_Crocodiles_Tests -->
