<?xml version="1.0" encoding="UTF-8"?>
<!-- Generated by org.testng.reporters.JUnitReportReporter -->
<testsuite skipped="0" hostname="DESKTOP-M631KOO" name="com.qaalpha.tests.QA_007_Create_Multiple_Clients_Test" tests="1" failures="0" timestamp="25 okt 2021 17:12:06 GMT" time="34.961" errors="0">
  <testcase name="qa_007_create_multiple_clients_test" time="34.961" classname="com.qaalpha.tests.QA_007_Create_Multiple_Clients_Test"/>
</testsuite> <!-- com.qaalpha.tests.QA_007_Create_Multiple_Clients_Test -->
