<?xml version="1.0" encoding="UTF-8"?>
<!-- Generated by org.testng.reporters.JUnitReportReporter -->
<testsuite skipped="0" hostname="DESKTOP-M631KOO" name="com.qaalpha.tests.QA_04_Create_Client_With_Data_Test" tests="1" failures="0" timestamp="01 avg 2020 07:45:49 GMT" time="26.056" errors="0">
  <testcase name="qa_04_create_client_with_data_test" time="26.056" classname="com.qaalpha.tests.QA_04_Create_Client_With_Data_Test"/>
</testsuite> <!-- com.qaalpha.tests.QA_04_Create_Client_With_Data_Test -->
