<?xml version="1.0" encoding="UTF-8"?>
<!-- Generated by org.testng.reporters.JUnitReportReporter -->
<testsuite hostname="Milana-PC" failures="0" tests="1" name="com.qaalpha.tests.api.QA_003_Create_User_Tests" time="5.314" errors="0" timestamp="11 Dec 2023 18:02:20 GMT" skipped="0">
  <testcase classname="com.qaalpha.tests.api.QA_003_Create_User_Tests" name="post_create_user_test5" time="5.314"/>
</testsuite> <!-- com.qaalpha.tests.api.QA_003_Create_User_Tests -->
