<?xml version="1.0" encoding="UTF-8"?>
<!-- Generated by org.testng.reporters.JUnitReportReporter -->
<testsuite skipped="0" hostname="DESKTOP-M631KOO" name="com.qaalpha.tests.QA_06_Create_Multiple_Clients_Test" tests="1" failures="0" timestamp="01 avg 2020 07:45:49 GMT" time="42.389" errors="0">
  <testcase name="qa_06_create_multiple_clients_test" time="42.389" classname="com.qaalpha.tests.QA_06_Create_Multiple_Clients_Test"/>
</testsuite> <!-- com.qaalpha.tests.QA_06_Create_Multiple_Clients_Test -->
