<?xml version="1.0" encoding="UTF-8"?>
<!-- Generated by org.testng.reporters.JUnitReportReporter -->
<testsuite skipped="0" hostname="DESKTOP-M631KOO" name="com.qaalpha.tests.QA_05_Edit_Client_Test" tests="1" failures="0" timestamp="01 avg 2020 07:50:10 GMT" time="41.026" errors="0">
  <testcase name="qa_05_edit_client_test" time="41.026" classname="com.qaalpha.tests.QA_05_Edit_Client_Test"/>
</testsuite> <!-- com.qaalpha.tests.QA_05_Edit_Client_Test -->
