<?xml version="1.0" encoding="UTF-8"?>
<!-- Generated by org.testng.reporters.JUnitReportReporter -->
<testsuite skipped="0" hostname="DESKTOP-M631KOO" name="com.qaalpha.tests.QA_008_Edit_Ticket_Test" tests="1" failures="0" timestamp="25 okt 2021 17:41:38 GMT" time="31.621" errors="0">
  <testcase name="qa_008_edit_ticket_test" time="31.621" classname="com.qaalpha.tests.QA_008_Edit_Ticket_Test"/>
</testsuite> <!-- com.qaalpha.tests.QA_008_Edit_Ticket_Test -->
