<?xml version="1.0" encoding="UTF-8"?>
<!-- Generated by org.testng.reporters.JUnitReportReporter -->
<testsuite skipped="0" hostname="DESKTOP-M631KOO" name="com.qaalpha.tests.QA_06_Create_Client_With_Data_Test" tests="1" failures="0" timestamp="16 apr 2021 07:24:44 GMT" time="41.298" errors="0">
  <testcase name="qa_06_create_client_with_data_test" time="41.298" classname="com.qaalpha.tests.QA_06_Create_Client_With_Data_Test"/>
</testsuite> <!-- com.qaalpha.tests.QA_06_Create_Client_With_Data_Test -->
