<?xml version="1.0" encoding="UTF-8"?>
<!-- Generated by org.testng.reporters.JUnitReportReporter -->
<testsuite hostname="Milana-PC" failures="0" tests="1" name="com.qaalpha.tests.QA_007_Client_E2E_Test" time="54.078" errors="0" timestamp="30 Nov 2023 17:37:13 GMT" skipped="0">
  <testcase classname="com.qaalpha.tests.QA_007_Client_E2E_Test" name="qa_007_client_e2e_test" time="54.078"/>
</testsuite> <!-- com.qaalpha.tests.QA_007_Client_E2E_Test -->
