<?xml version="1.0" encoding="UTF-8"?>
<!-- Generated by org.testng.reporters.JUnitReportReporter -->
<testsuite skipped="0" hostname="DESKTOP-M631KOO" name="com.qaalpha.tests.QA_00_Initial_Test" tests="1" failures="0" timestamp="30 sep 2021 11:09:59 GMT" time="3.641" errors="0">
  <testcase name="qa_00_initial_test" time="3.641" classname="com.qaalpha.tests.QA_00_Initial_Test"/>
</testsuite> <!-- com.qaalpha.tests.QA_00_Initial_Test -->
