<?xml version="1.0" encoding="UTF-8"?>
<!-- Generated by org.testng.reporters.JUnitReportReporter -->
<testsuite skipped="0" hostname="DESKTOP-M631KOO" name="com.qaalpha.tests.QA_004_Create_Client_Test" tests="1" failures="0" timestamp="28 okt 2021 17:09:26 GMT" time="28.624" errors="0">
  <testcase name="qa_004_create_client_test" time="28.624" classname="com.qaalpha.tests.QA_004_Create_Client_Test"/>
</testsuite> <!-- com.qaalpha.tests.QA_004_Create_Client_Test -->
