<?xml version="1.0" encoding="UTF-8"?>
<!-- Generated by org.testng.reporters.JUnitReportReporter -->
<testsuite hostname="Milana-PC" failures="0" tests="1" name="com.qaalpha.tests.QA_005_CreateClient_Test" time="14.957" errors="0" timestamp="30 Nov 2023 17:52:36 GMT" skipped="0">
  <testcase classname="com.qaalpha.tests.QA_005_CreateClient_Test" name="qa_005_create_clients_validation_test" time="14.957"/>
</testsuite> <!-- com.qaalpha.tests.QA_005_CreateClient_Test -->
