<?xml version="1.0" encoding="UTF-8"?>
<!-- Generated by org.testng.reporters.JUnitReportReporter -->
<testsuite hostname="Milana-PC" failures="0" tests="1" name="com.qaalpha.tests.QA_002_LogIn_LogOut_Test" time="10.726" errors="0" timestamp="02 Nov 2023 17:37:36 GMT" skipped="0">
  <testcase classname="com.qaalpha.tests.QA_002_LogIn_LogOut_Test" name="qa_002_logInLogOut_test" time="10.726"/>
</testsuite> <!-- com.qaalpha.tests.QA_002_LogIn_LogOut_Test -->
