<?xml version="1.0" encoding="UTF-8"?>
<!-- Generated by org.testng.reporters.JUnitReportReporter -->
<testsuite skipped="0" hostname="DESKTOP-M631KOO" name="com.qaalpha.tests.QA_10_Create_Broker_Company_And_LogIn_As_Broker_Test" tests="1" failures="0" timestamp="01 avg 2020 07:45:49 GMT" time="36.032" errors="0">
  <testcase name="qa_10_create_brokerCompany_and_logIn_as_broker_test" time="36.032" classname="com.qaalpha.tests.QA_10_Create_Broker_Company_And_LogIn_As_Broker_Test"/>
</testsuite> <!-- com.qaalpha.tests.QA_10_Create_Broker_Company_And_LogIn_As_Broker_Test -->
