<?xml version="1.0" encoding="UTF-8"?>
<!-- Generated by org.testng.reporters.JUnitReportReporter -->
<testsuite skipped="0" hostname="DESKTOP-M631KOO" name="com.qaalpha.tests.QA_05_Create_Multiple_Clients_Test" tests="1" failures="0" timestamp="12 apr 2021 16:51:07 GMT" time="24.210" errors="0">
  <testcase name="qa_05_create_multiple_clients_test" time="24.210" classname="com.qaalpha.tests.QA_05_Create_Multiple_Clients_Test"/>
</testsuite> <!-- com.qaalpha.tests.QA_05_Create_Multiple_Clients_Test -->
