<?xml version="1.0" encoding="UTF-8"?>
<!-- Generated by org.testng.reporters.JUnitReportReporter -->
<testsuite skipped="0" hostname="DESKTOP-M631KOO" name="com.qaalpha.tests.QA_04_Create_Client_Test" tests="1" failures="0" timestamp="26 apr 2021 15:11:56 GMT" time="33.952" errors="0">
  <testcase name="qa_04_create_client_test" time="33.952" classname="com.qaalpha.tests.QA_04_Create_Client_Test"/>
</testsuite> <!-- com.qaalpha.tests.QA_04_Create_Client_Test -->
