<?xml version="1.0" encoding="UTF-8"?>
<!-- Generated by org.testng.reporters.JUnitReportReporter -->
<testsuite hostname="Milana-PC" failures="0" tests="5" name="com.qaalpha.tests.api.QA_004_Log_In_Tests" time="10.378" errors="0" timestamp="11 Dec 2023 18:00:39 GMT" skipped="0">
  <testcase classname="com.qaalpha.tests.api.QA_004_Log_In_Tests" name="log_in_test4" time="0.730"/>
  <testcase classname="com.qaalpha.tests.api.QA_004_Log_In_Tests" name="Log_in_test1" time="5.987"/>
  <testcase classname="com.qaalpha.tests.api.QA_004_Log_In_Tests" name="Log_in_test2" time="1.535"/>
  <testcase classname="com.qaalpha.tests.api.QA_004_Log_In_Tests" name="log_in_test5" time="0.718"/>
  <testcase classname="com.qaalpha.tests.api.QA_004_Log_In_Tests" name="log_in_test3" time="1.408"/>
</testsuite> <!-- com.qaalpha.tests.api.QA_004_Log_In_Tests -->
