<?xml version="1.0" encoding="UTF-8"?>
<!-- Generated by org.testng.reporters.JUnitReportReporter -->
<testsuite skipped="0" hostname="DESKTOP-M631KOO" name="com.qaalpha.tests.QA_09_Create_Ticket_Test" tests="1" failures="0" timestamp="22 apr 2021 17:32:05 GMT" time="30.401" errors="0">
  <testcase name="qa_09_create_ticket_test" time="30.401" classname="com.qaalpha.tests.QA_09_Create_Ticket_Test"/>
</testsuite> <!-- com.qaalpha.tests.QA_09_Create_Ticket_Test -->
