<?xml version="1.0" encoding="UTF-8"?>
<!-- Generated by org.testng.reporters.JUnitReportReporter -->
<testsuite hostname="Milana-PC" failures="0" tests="3" name="com.qaalpha.tests.QA_004_LogInValidations_Test" time="21.759" errors="0" timestamp="06 Nov 2023 17:45:38 GMT" skipped="0">
  <testcase classname="com.qaalpha.tests.QA_004_LogInValidations_Test" name="qqa_004_logInValidations_test3" time="7.318"/>
  <testcase classname="com.qaalpha.tests.QA_004_LogInValidations_Test" name="qa_004_logInValidations_test2" time="7.419"/>
  <testcase classname="com.qaalpha.tests.QA_004_LogInValidations_Test" name="qa_004_logInValidations_test1" time="7.022"/>
</testsuite> <!-- com.qaalpha.tests.QA_004_LogInValidations_Test -->
