<?xml version="1.0" encoding="UTF-8"?>
<!-- Generated by org.testng.reporters.JUnitReportReporter -->
<testsuite hostname="Milana-PC" failures="0" tests="1" name="com.qaalpha.tests.QA_009_DeactivateTag_Test" time="54.127" errors="0" timestamp="11 Dec 2023 18:28:56 GMT" skipped="0">
  <testcase classname="com.qaalpha.tests.QA_009_DeactivateTag_Test" name="qa_009_deactivate_tag_test" time="54.127"/>
</testsuite> <!-- com.qaalpha.tests.QA_009_DeactivateTag_Test -->
