<?xml version="1.0" encoding="UTF-8"?>
<!-- Generated by org.testng.reporters.JUnitReportReporter -->
<testsuite skipped="0" hostname="DESKTOP-M631KOO" name="com.qaalpha.tests.QA_009_LogIn_Validations_Test" tests="3" failures="0" timestamp="28 okt 2021 08:26:36 GMT" time="37.293" errors="0">
  <testcase name="qa_009_logIn_validations_test2" time="11.734" classname="com.qaalpha.tests.QA_009_LogIn_Validations_Test"/>
  <testcase name="qa_009_logIn_validations_test1" time="15.680" classname="com.qaalpha.tests.QA_009_LogIn_Validations_Test"/>
  <testcase name="qa_009_logIn_validations_test3" time="9.879" classname="com.qaalpha.tests.QA_009_LogIn_Validations_Test"/>
</testsuite> <!-- com.qaalpha.tests.QA_009_LogIn_Validations_Test -->
